<?xml version="1.0" encoding="UTF-8"?>
<!-- Generated by org.testng.reporters.JUnitReportReporter -->
<testsuite hostname="DESKTOP-SV9CFRI" failures="0" tests="1" name="com.herokuapp.theinternet.ExceptionsTests" time="34.044" errors="0" timestamp="2023-08-12T13:29:05 IST" skipped="0">
  <testcase classname="com.herokuapp.theinternet.ExceptionsTests" name="staleElementReferenceExceptionTest" time="34.044"/>
</testsuite> <!-- com.herokuapp.theinternet.ExceptionsTests -->
